\BOOKMARK [0][-]{chapter*.2}{\315ndice de figuras}{}% 1
\BOOKMARK [0][-]{chapter*.3}{\315ndice de tablas}{}% 2
\BOOKMARK [0][-]{chapter*.4}{\315ndice de acr\363nimos}{}% 3
\BOOKMARK [0][-]{chapter*.6}{Resumen}{}% 4
\BOOKMARK [0][-]{chapter*.7}{Abstract}{}% 5
\BOOKMARK [0][-]{chapter.1}{Ionizaci\363n de \341tomos y mol\351culas simples}{}% 6
\BOOKMARK [1][-]{section.1.1}{Introducci\363n}{chapter.1}% 7
\BOOKMARK [1][-]{section.1.2}{El m\351todo de la inversi\363n depurada}{chapter.1}% 8
\BOOKMARK [2][-]{subsection.1.2.1}{La inversi\363n directa}{section.1.2}% 9
\BOOKMARK [2][-]{subsection.1.2.2}{Dificultades de la inversi\363n directa}{section.1.2}% 10
\BOOKMARK [2][-]{subsection.1.2.3}{M\351todo de depuraci\363n}{section.1.2}% 11
\BOOKMARK [3][-]{subsubsection.1.2.3.1}{Optimizaci\363n de la carga DIM}{subsection.1.2.3}% 12
\BOOKMARK [1][-]{section.1.3}{Potenciales moleculares}{chapter.1}% 13
\BOOKMARK [2][-]{subsection.1.3.1}{Inversi\363n y depuraci\363n con bases gaussianas}{section.1.3}% 14
\BOOKMARK [1][-]{section.1.4}{Resultados}{chapter.1}% 15
\BOOKMARK [2][-]{subsection.1.4.1}{Descripci\363n de blancos colisionales}{section.1.4}% 16
\BOOKMARK [3][-]{subsubsection.1.4.1.1}{Helio}{subsection.1.4.1}% 17
\BOOKMARK [3][-]{subsubsection.1.4.1.2}{Nitr\363geno}{subsection.1.4.1}% 18
\BOOKMARK [3][-]{subsubsection.1.4.1.3}{Ne\363n}{subsection.1.4.1}% 19
\BOOKMARK [3][-]{subsubsection.1.4.1.4}{Metano}{subsection.1.4.1}% 20
\BOOKMARK [2][-]{subsection.1.4.2}{Fotoionizaci\363n}{section.1.4}% 21
\BOOKMARK [2][-]{subsection.1.4.3}{Ionizaci\363n por impacto de prot\363n}{section.1.4}% 22
\BOOKMARK [1][-]{section.1.5}{Conclusiones}{chapter.1}% 23
\BOOKMARK [0][-]{chapter.2}{Ionizaci\363n de mol\351culas biol\363gicas}{}% 24
\BOOKMARK [1][-]{section.2.1}{Introducci\363n}{chapter.2}% 25
\BOOKMARK [1][-]{section.2.2}{Ionizaci\363n de \341tomos}{chapter.2}% 26
\BOOKMARK [2][-]{subsection.2.2.1}{Distribuci\363n energ\351tica de electrones}{section.2.2}% 27
\BOOKMARK [2][-]{subsection.2.2.2}{Distribuci\363n angular de electrones}{section.2.2}% 28
\BOOKMARK [1][-]{section.2.3}{Ionizaci\363n de mol\351culas}{chapter.2}% 29
\BOOKMARK [2][-]{subsection.2.3.1}{El modelo estequiom\351trico}{section.2.3}% 30
\BOOKMARK [2][-]{subsection.2.3.2}{Reglas de escala}{section.2.3}% 31
\BOOKMARK [3][-]{subsubsection.2.3.2.1}{Regla de Toburen}{subsection.2.3.2}% 32
\BOOKMARK [3][-]{subsubsection.2.3.2.2}{Escaleo CDW}{subsection.2.3.2}% 33
\BOOKMARK [2][-]{subsection.2.3.3}{Estructura molecular de los blancos}{section.2.3}% 34
\BOOKMARK [3][-]{subsubsection.2.3.3.1}{Un modelo estequiom\351trico modificado}{subsection.2.3.3}% 35
\BOOKMARK [1][-]{section.2.4}{Conclusiones}{chapter.2}% 36
\BOOKMARK [0][-]{chapter.3}{P\351rdida de energ\355a de iones en elementos pesados}{}% 37
\BOOKMARK [1][-]{section.3.1}{Introducci\363n}{chapter.3}% 38
\BOOKMARK [1][-]{section.3.2}{Descripci\363n de blancos relativistas}{chapter.3}% 39
\BOOKMARK [2][-]{subsection.3.2.1}{Energ\355a de ligadura y valores medios}{section.3.2}% 40
\BOOKMARK [2][-]{subsection.3.2.2}{Discusi\363n sobre valores para s\363lidos}{section.3.2}% 41
\BOOKMARK [1][-]{section.3.3}{P\351rdida de energ\355a}{chapter.3}% 42
\BOOKMARK [1][-]{section.3.4}{Resultados}{chapter.3}% 43
\BOOKMARK [1][-]{section.3.5}{Conclusiones}{chapter.3}% 44
\BOOKMARK [0][-]{chapter.4}{Conclusiones generales}{}% 45
\BOOKMARK [0][-]{appendix.Alph1}{La ecuaci\363n normal}{}% 46
\BOOKMARK [0][-]{appendix*.9}{Bibliograf\355a}{}% 47
